   1               		.file	"main.c"
   2               	__SP_H__ = 0x3e
   3               	__SP_L__ = 0x3d
   4               	__SREG__ = 0x3f
   5               	__tmp_reg__ = 0
   6               	__zero_reg__ = 1
   7               		.text
   8               	.Ltext0:
   9               		.cfi_sections	.debug_frame
  10               	.global	i2c_init
  12               	i2c_init:
  13               	.LFB7:
  14               		.file 1 "main.c"
   1:main.c        **** #define F_CPU 16000000UL  // 16 MHz clock speed
   2:main.c        **** #include <avr/io.h>
   3:main.c        **** #include <util/delay.h>
   4:main.c        **** #include <stdio.h>
   5:main.c        **** 
   6:main.c        **** // I2C (TWI) functions for AVR
   7:main.c        **** void i2c_init(void) {
  15               		.loc 1 7 0
  16               		.cfi_startproc
  17               	/* prologue: function */
  18               	/* frame size = 0 */
  19               	/* stack size = 0 */
  20               	.L__stack_usage = 0
   8:main.c        ****     TWSR = 0x00;  // No prescaler
  21               		.loc 1 8 0
  22 0000 1092 B900 		sts 185,__zero_reg__
   9:main.c        ****     TWBR = 0x48;  // SCL frequency: 100 kHz (for F_CPU = 16 MHz)
  23               		.loc 1 9 0
  24 0004 88E4      		ldi r24,lo8(72)
  25 0006 8093 B800 		sts 184,r24
  26               	/* epilogue start */
  10:main.c        **** }
  27               		.loc 1 10 0
  28 000a 0895      		ret
  29               		.cfi_endproc
  30               	.LFE7:
  32               	.global	i2c_start
  34               	i2c_start:
  35               	.LFB8:
  11:main.c        **** 
  12:main.c        **** void i2c_start(void) {
  36               		.loc 1 12 0
  37               		.cfi_startproc
  38               	/* prologue: function */
  39               	/* frame size = 0 */
  40               	/* stack size = 0 */
  41               	.L__stack_usage = 0
  13:main.c        ****     TWCR = (1<<TWSTA) | (1<<TWEN) | (1<<TWINT);
  42               		.loc 1 13 0
  43 000c 84EA      		ldi r24,lo8(-92)
  44 000e 8093 BC00 		sts 188,r24
  45               	.L3:
  14:main.c        ****     while (!(TWCR & (1<<TWINT)));
  46               		.loc 1 14 0 discriminator 1
  47 0012 8091 BC00 		lds r24,188
  48 0016 87FF      		sbrs r24,7
  49 0018 00C0      		rjmp .L3
  50               	/* epilogue start */
  15:main.c        **** }
  51               		.loc 1 15 0
  52 001a 0895      		ret
  53               		.cfi_endproc
  54               	.LFE8:
  56               	.global	i2c_stop
  58               	i2c_stop:
  59               	.LFB9:
  16:main.c        **** 
  17:main.c        **** void i2c_stop(void) {
  60               		.loc 1 17 0
  61               		.cfi_startproc
  62               	/* prologue: function */
  63               	/* frame size = 0 */
  64               	/* stack size = 0 */
  65               	.L__stack_usage = 0
  18:main.c        ****     TWCR = (1<<TWSTO) | (1<<TWEN) | (1<<TWINT);
  66               		.loc 1 18 0
  67 001c 84E9      		ldi r24,lo8(-108)
  68 001e 8093 BC00 		sts 188,r24
  69               	/* epilogue start */
  19:main.c        **** }
  70               		.loc 1 19 0
  71 0022 0895      		ret
  72               		.cfi_endproc
  73               	.LFE9:
  75               	.global	i2c_write
  77               	i2c_write:
  78               	.LFB10:
  20:main.c        **** 
  21:main.c        **** void i2c_write(uint8_t data) {
  79               		.loc 1 21 0
  80               		.cfi_startproc
  81               	.LVL0:
  82               	/* prologue: function */
  83               	/* frame size = 0 */
  84               	/* stack size = 0 */
  85               	.L__stack_usage = 0
  22:main.c        ****     TWDR = data;
  86               		.loc 1 22 0
  87 0024 8093 BB00 		sts 187,r24
  23:main.c        ****     TWCR = (1<<TWEN) | (1<<TWINT);
  88               		.loc 1 23 0
  89 0028 84E8      		ldi r24,lo8(-124)
  90               	.LVL1:
  91 002a 8093 BC00 		sts 188,r24
  92               	.LVL2:
  93               	.L7:
  24:main.c        ****     while (!(TWCR & (1<<TWINT)));
  94               		.loc 1 24 0 discriminator 1
  95 002e 8091 BC00 		lds r24,188
  96 0032 87FF      		sbrs r24,7
  97 0034 00C0      		rjmp .L7
  98               	/* epilogue start */
  25:main.c        **** }
  99               		.loc 1 25 0
 100 0036 0895      		ret
 101               		.cfi_endproc
 102               	.LFE10:
 104               	.global	i2c_read_ack
 106               	i2c_read_ack:
 107               	.LFB11:
  26:main.c        **** 
  27:main.c        **** uint8_t i2c_read_ack(void) {
 108               		.loc 1 27 0
 109               		.cfi_startproc
 110               	/* prologue: function */
 111               	/* frame size = 0 */
 112               	/* stack size = 0 */
 113               	.L__stack_usage = 0
  28:main.c        ****     TWCR = (1<<TWEN) | (1<<TWINT) | (1<<TWEA);
 114               		.loc 1 28 0
 115 0038 84EC      		ldi r24,lo8(-60)
 116 003a 8093 BC00 		sts 188,r24
 117               	.L10:
  29:main.c        ****     while (!(TWCR & (1<<TWINT)));
 118               		.loc 1 29 0 discriminator 1
 119 003e 8091 BC00 		lds r24,188
 120 0042 87FF      		sbrs r24,7
 121 0044 00C0      		rjmp .L10
  30:main.c        ****     return TWDR;
 122               		.loc 1 30 0
 123 0046 8091 BB00 		lds r24,187
 124               	/* epilogue start */
  31:main.c        **** }
 125               		.loc 1 31 0
 126 004a 0895      		ret
 127               		.cfi_endproc
 128               	.LFE11:
 130               	.global	i2c_read_nack
 132               	i2c_read_nack:
 133               	.LFB12:
  32:main.c        **** 
  33:main.c        **** uint8_t i2c_read_nack(void) {
 134               		.loc 1 33 0
 135               		.cfi_startproc
 136               	/* prologue: function */
 137               	/* frame size = 0 */
 138               	/* stack size = 0 */
 139               	.L__stack_usage = 0
  34:main.c        ****     TWCR = (1<<TWEN) | (1<<TWINT);
 140               		.loc 1 34 0
 141 004c 84E8      		ldi r24,lo8(-124)
 142 004e 8093 BC00 		sts 188,r24
 143               	.L13:
  35:main.c        ****     while (!(TWCR & (1<<TWINT)));
 144               		.loc 1 35 0 discriminator 1
 145 0052 8091 BC00 		lds r24,188
 146 0056 87FF      		sbrs r24,7
 147 0058 00C0      		rjmp .L13
  36:main.c        ****     return TWDR;
 148               		.loc 1 36 0
 149 005a 8091 BB00 		lds r24,187
 150               	/* epilogue start */
  37:main.c        **** }
 151               		.loc 1 37 0
 152 005e 0895      		ret
 153               		.cfi_endproc
 154               	.LFE12:
 156               	.global	qmc5883l_init
 158               	qmc5883l_init:
 159               	.LFB13:
  38:main.c        **** 
  39:main.c        **** // QMC5883L Address and Register Constants
  40:main.c        **** #define QMC5883L_ADDR        0x0D
  41:main.c        **** #define QMC5883L_CONTROL_REG 0x09
  42:main.c        **** #define QMC5883L_OUTPUT_X_LSB 0x00
  43:main.c        **** 
  44:main.c        **** void qmc5883l_init(void) {
 160               		.loc 1 44 0
 161               		.cfi_startproc
 162               	/* prologue: function */
 163               	/* frame size = 0 */
 164               	/* stack size = 0 */
 165               	.L__stack_usage = 0
  45:main.c        ****     i2c_start();
 166               		.loc 1 45 0
 167 0060 0E94 0000 		call i2c_start
 168               	.LVL3:
  46:main.c        ****     i2c_write(QMC5883L_ADDR << 1);  // Write mode
 169               		.loc 1 46 0
 170 0064 8AE1      		ldi r24,lo8(26)
 171 0066 0E94 0000 		call i2c_write
 172               	.LVL4:
  47:main.c        ****     i2c_write(QMC5883L_CONTROL_REG);
 173               		.loc 1 47 0
 174 006a 89E0      		ldi r24,lo8(9)
 175 006c 0E94 0000 		call i2c_write
 176               	.LVL5:
  48:main.c        ****     i2c_write(0x01);  // Continuous mode, 10Hz, 2G range, 512 OSR
 177               		.loc 1 48 0
 178 0070 81E0      		ldi r24,lo8(1)
 179 0072 0E94 0000 		call i2c_write
 180               	.LVL6:
 181               	.LBB10:
 182               	.LBB11:
  18:main.c        **** }
 183               		.loc 1 18 0
 184 0076 84E9      		ldi r24,lo8(-108)
 185 0078 8093 BC00 		sts 188,r24
 186               	/* epilogue start */
 187               	.LBE11:
 188               	.LBE10:
  49:main.c        ****     i2c_stop();
  50:main.c        **** }
 189               		.loc 1 50 0
 190 007c 0895      		ret
 191               		.cfi_endproc
 192               	.LFE13:
 194               	.global	qmc5883l_read
 196               	qmc5883l_read:
 197               	.LFB14:
  51:main.c        **** 
  52:main.c        **** void qmc5883l_read(int* x, int* y, int* z) {
 198               		.loc 1 52 0
 199               		.cfi_startproc
 200               	.LVL7:
 201 007e 9F92      		push r9
 202               	.LCFI0:
 203               		.cfi_def_cfa_offset 3
 204               		.cfi_offset 9, -2
 205 0080 AF92      		push r10
 206               	.LCFI1:
 207               		.cfi_def_cfa_offset 4
 208               		.cfi_offset 10, -3
 209 0082 BF92      		push r11
 210               	.LCFI2:
 211               		.cfi_def_cfa_offset 5
 212               		.cfi_offset 11, -4
 213 0084 CF92      		push r12
 214               	.LCFI3:
 215               		.cfi_def_cfa_offset 6
 216               		.cfi_offset 12, -5
 217 0086 DF92      		push r13
 218               	.LCFI4:
 219               		.cfi_def_cfa_offset 7
 220               		.cfi_offset 13, -6
 221 0088 EF92      		push r14
 222               	.LCFI5:
 223               		.cfi_def_cfa_offset 8
 224               		.cfi_offset 14, -7
 225 008a FF92      		push r15
 226               	.LCFI6:
 227               		.cfi_def_cfa_offset 9
 228               		.cfi_offset 15, -8
 229 008c 0F93      		push r16
 230               	.LCFI7:
 231               		.cfi_def_cfa_offset 10
 232               		.cfi_offset 16, -9
 233 008e 1F93      		push r17
 234               	.LCFI8:
 235               		.cfi_def_cfa_offset 11
 236               		.cfi_offset 17, -10
 237 0090 CF93      		push r28
 238               	.LCFI9:
 239               		.cfi_def_cfa_offset 12
 240               		.cfi_offset 28, -11
 241 0092 DF93      		push r29
 242               	.LCFI10:
 243               		.cfi_def_cfa_offset 13
 244               		.cfi_offset 29, -12
 245               	/* prologue: function */
 246               	/* frame size = 0 */
 247               	/* stack size = 11 */
 248               	.L__stack_usage = 11
 249 0094 6C01      		movw r12,r24
 250 0096 7B01      		movw r14,r22
 251 0098 8A01      		movw r16,r20
  53:main.c        ****     uint8_t x_lsb, x_msb, y_lsb, y_msb, z_lsb, z_msb;
  54:main.c        **** 
  55:main.c        ****     i2c_start();
 252               		.loc 1 55 0
 253 009a 0E94 0000 		call i2c_start
 254               	.LVL8:
  56:main.c        ****     i2c_write(QMC5883L_ADDR << 1);  // Write mode
 255               		.loc 1 56 0
 256 009e 8AE1      		ldi r24,lo8(26)
 257 00a0 0E94 0000 		call i2c_write
 258               	.LVL9:
  57:main.c        ****     i2c_write(QMC5883L_OUTPUT_X_LSB);
 259               		.loc 1 57 0
 260 00a4 80E0      		ldi r24,0
 261 00a6 0E94 0000 		call i2c_write
 262               	.LVL10:
  58:main.c        ****     i2c_start();
 263               		.loc 1 58 0
 264 00aa 0E94 0000 		call i2c_start
 265               	.LVL11:
  59:main.c        ****     i2c_write((QMC5883L_ADDR << 1) | 1);  // Read mode
 266               		.loc 1 59 0
 267 00ae 8BE1      		ldi r24,lo8(27)
 268 00b0 0E94 0000 		call i2c_write
 269               	.LVL12:
  60:main.c        **** 
  61:main.c        ****     x_lsb = i2c_read_ack();
 270               		.loc 1 61 0
 271 00b4 0E94 0000 		call i2c_read_ack
 272               	.LVL13:
 273 00b8 982E      		mov r9,r24
 274               	.LVL14:
  62:main.c        ****     x_msb = i2c_read_ack();
 275               		.loc 1 62 0
 276 00ba 0E94 0000 		call i2c_read_ack
 277               	.LVL15:
 278 00be B82E      		mov r11,r24
 279               	.LVL16:
  63:main.c        ****     y_lsb = i2c_read_ack();
 280               		.loc 1 63 0
 281 00c0 0E94 0000 		call i2c_read_ack
 282               	.LVL17:
 283 00c4 A82E      		mov r10,r24
 284               	.LVL18:
  64:main.c        ****     y_msb = i2c_read_ack();
 285               		.loc 1 64 0
 286 00c6 0E94 0000 		call i2c_read_ack
 287               	.LVL19:
 288 00ca D82F      		mov r29,r24
 289               	.LVL20:
  65:main.c        ****     z_lsb = i2c_read_ack();
 290               		.loc 1 65 0
 291 00cc 0E94 0000 		call i2c_read_ack
 292               	.LVL21:
 293 00d0 C82F      		mov r28,r24
 294               	.LVL22:
  66:main.c        ****     z_msb = i2c_read_nack();
 295               		.loc 1 66 0
 296 00d2 0E94 0000 		call i2c_read_nack
 297               	.LVL23:
 298               	.LBB12:
 299               	.LBB13:
  18:main.c        **** }
 300               		.loc 1 18 0
 301 00d6 94E9      		ldi r25,lo8(-108)
 302 00d8 9093 BC00 		sts 188,r25
 303               	.LBE13:
 304               	.LBE12:
  67:main.c        **** 
  68:main.c        ****     i2c_stop();
  69:main.c        **** 
  70:main.c        ****     *x = ((int16_t)x_msb << 8) | x_lsb;
 305               		.loc 1 70 0
 306 00dc 3B2D      		mov r19,r11
 307 00de 292D      		mov r18,r9
 308 00e0 F601      		movw r30,r12
 309 00e2 3183      		std Z+1,r19
 310 00e4 2083      		st Z,r18
  71:main.c        ****     *y = ((int16_t)y_msb << 8) | y_lsb;
 311               		.loc 1 71 0
 312 00e6 BD2E      		mov r11,r29
 313               	.LVL24:
 314 00e8 F701      		movw r30,r14
 315 00ea B182      		std Z+1,r11
 316 00ec A082      		st Z,r10
  72:main.c        ****     *z = ((int16_t)z_msb << 8) | z_lsb;
 317               		.loc 1 72 0
 318 00ee 982F      		mov r25,r24
 319 00f0 8C2F      		mov r24,r28
 320               	.LVL25:
 321 00f2 F801      		movw r30,r16
 322 00f4 9183      		std Z+1,r25
 323 00f6 8083      		st Z,r24
 324               	/* epilogue start */
  73:main.c        **** }
 325               		.loc 1 73 0
 326 00f8 DF91      		pop r29
 327               	.LVL26:
 328 00fa CF91      		pop r28
 329               	.LVL27:
 330 00fc 1F91      		pop r17
 331 00fe 0F91      		pop r16
 332               	.LVL28:
 333 0100 FF90      		pop r15
 334 0102 EF90      		pop r14
 335               	.LVL29:
 336 0104 DF90      		pop r13
 337 0106 CF90      		pop r12
 338               	.LVL30:
 339 0108 BF90      		pop r11
 340               	.LVL31:
 341 010a AF90      		pop r10
 342               	.LVL32:
 343 010c 9F90      		pop r9
 344               	.LVL33:
 345 010e 0895      		ret
 346               		.cfi_endproc
 347               	.LFE14:
 349               	.global	UART_init
 351               	UART_init:
 352               	.LFB15:
  74:main.c        **** 
  75:main.c        **** // UART functions for Bluetooth communication
  76:main.c        **** void UART_init(unsigned int baud) {
 353               		.loc 1 76 0
 354               		.cfi_startproc
 355               	.LVL34:
 356               	/* prologue: function */
 357               	/* frame size = 0 */
 358               	/* stack size = 0 */
 359               	.L__stack_usage = 0
  77:main.c        ****     unsigned int ubrr = F_CPU / 16 / baud - 1;
 360               		.loc 1 77 0
 361 0110 9C01      		movw r18,r24
 362 0112 50E0      		ldi r21,0
 363 0114 40E0      		ldi r20,0
 364 0116 60E4      		ldi r22,lo8(64)
 365 0118 72E4      		ldi r23,lo8(66)
 366 011a 8FE0      		ldi r24,lo8(15)
 367 011c 90E0      		ldi r25,0
 368 011e 0E94 0000 		call __udivmodsi4
 369 0122 2150      		subi r18,1
 370 0124 3109      		sbc r19,__zero_reg__
 371               	.LVL35:
  78:main.c        **** 
  79:main.c        ****     UBRR0H = (unsigned char)(ubrr >> 8);
 372               		.loc 1 79 0
 373 0126 3093 C500 		sts 197,r19
  80:main.c        ****     UBRR0L = (unsigned char)ubrr;
 374               		.loc 1 80 0
 375 012a 2093 C400 		sts 196,r18
  81:main.c        **** 
  82:main.c        ****     UCSR0B = (1 << TXEN0);  // Enable transmitter
 376               		.loc 1 82 0
 377 012e 88E0      		ldi r24,lo8(8)
 378               	.LVL36:
 379 0130 8093 C100 		sts 193,r24
  83:main.c        ****     UCSR0C = (1 << UCSZ01) | (1 << UCSZ00);  // 8 data bits, 1 stop bit
 380               		.loc 1 83 0
 381 0134 86E0      		ldi r24,lo8(6)
 382 0136 8093 C200 		sts 194,r24
 383               	/* epilogue start */
  84:main.c        **** }
 384               		.loc 1 84 0
 385 013a 0895      		ret
 386               		.cfi_endproc
 387               	.LFE15:
 389               	.global	UART_transmit
 391               	UART_transmit:
 392               	.LFB16:
  85:main.c        **** 
  86:main.c        **** void UART_transmit(char data) {
 393               		.loc 1 86 0
 394               		.cfi_startproc
 395               	/* prologue: function */
 396               	/* frame size = 0 */
 397               	/* stack size = 0 */
 398               	.L__stack_usage = 0
 399               	.LVL37:
 400               	.L19:
  87:main.c        ****     while (!(UCSR0A & (1 << UDRE0)));  // Wait for empty buffer
 401               		.loc 1 87 0 discriminator 1
 402 013c 9091 C000 		lds r25,192
 403 0140 95FF      		sbrs r25,5
 404 0142 00C0      		rjmp .L19
  88:main.c        ****     UDR0 = data;  // Transmit data
 405               		.loc 1 88 0
 406 0144 8093 C600 		sts 198,r24
 407               	/* epilogue start */
  89:main.c        **** }
 408               		.loc 1 89 0
 409 0148 0895      		ret
 410               		.cfi_endproc
 411               	.LFE16:
 413               	.global	UART_transmit_string
 415               	UART_transmit_string:
 416               	.LFB17:
  90:main.c        **** 
  91:main.c        **** void UART_transmit_string(const char *str) {
 417               		.loc 1 91 0
 418               		.cfi_startproc
 419               	.LVL38:
 420 014a CF93      		push r28
 421               	.LCFI11:
 422               		.cfi_def_cfa_offset 3
 423               		.cfi_offset 28, -2
 424 014c DF93      		push r29
 425               	.LCFI12:
 426               		.cfi_def_cfa_offset 4
 427               		.cfi_offset 29, -3
 428               	/* prologue: function */
 429               	/* frame size = 0 */
 430               	/* stack size = 2 */
 431               	.L__stack_usage = 2
 432 014e EC01      		movw r28,r24
 433               	.LVL39:
 434               	.L23:
  92:main.c        ****     while (*str) {
 435               		.loc 1 92 0
 436 0150 8991      		ld r24,Y+
 437               	.LVL40:
 438 0152 8111      		cpse r24,__zero_reg__
 439 0154 00C0      		rjmp .L24
 440               	/* epilogue start */
  93:main.c        ****         UART_transmit(*str);
  94:main.c        ****         str++;
  95:main.c        ****     }
  96:main.c        **** }
 441               		.loc 1 96 0
 442 0156 DF91      		pop r29
 443 0158 CF91      		pop r28
 444               	.LVL41:
 445 015a 0895      		ret
 446               	.LVL42:
 447               	.L24:
  93:main.c        ****         UART_transmit(*str);
 448               		.loc 1 93 0
 449 015c 0E94 0000 		call UART_transmit
 450               	.LVL43:
 451 0160 00C0      		rjmp .L23
 452               		.cfi_endproc
 453               	.LFE17:
 455               	.global	motor_init
 457               	motor_init:
 458               	.LFB18:
  97:main.c        **** 
  98:main.c        **** // Motor control functions
  99:main.c        **** void motor_init() {
 459               		.loc 1 99 0
 460               		.cfi_startproc
 461               	/* prologue: function */
 462               	/* frame size = 0 */
 463               	/* stack size = 0 */
 464               	.L__stack_usage = 0
 100:main.c        ****     // Set Enable Pins as output
 101:main.c        ****     DDRB |= (1 << PB0) | (1 << PB1);
 465               		.loc 1 101 0
 466 0162 84B1      		in r24,0x4
 467 0164 8360      		ori r24,lo8(3)
 468 0166 84B9      		out 0x4,r24
 102:main.c        ****     
 103:main.c        ****     // Set Motor Direction Pins as output
 104:main.c        ****     DDRC |= (1 << PC0) | (1 << PC1) | (1 << PC2) | (1 << PC3);
 469               		.loc 1 104 0
 470 0168 87B1      		in r24,0x7
 471 016a 8F60      		ori r24,lo8(15)
 472 016c 87B9      		out 0x7,r24
 473               	/* epilogue start */
 105:main.c        **** }
 474               		.loc 1 105 0
 475 016e 0895      		ret
 476               		.cfi_endproc
 477               	.LFE18:
 479               	.global	move_forward
 481               	move_forward:
 482               	.LFB19:
 106:main.c        **** 
 107:main.c        **** void move_forward() {
 483               		.loc 1 107 0
 484               		.cfi_startproc
 485               	/* prologue: function */
 486               	/* frame size = 0 */
 487               	/* stack size = 0 */
 488               	.L__stack_usage = 0
 108:main.c        ****     // Set Enable Pins HIGH to turn on motors
 109:main.c        ****     PORTB |= (1 << PB0) | (1 << PB1);
 489               		.loc 1 109 0
 490 0170 85B1      		in r24,0x5
 491 0172 8360      		ori r24,lo8(3)
 492 0174 85B9      		out 0x5,r24
 110:main.c        ****     
 111:main.c        ****     // Set motor directions: IN1 = HIGH, IN2 = LOW, IN3 = HIGH, IN4 = LOW
 112:main.c        ****     PORTC |= (1 << PC0);  // IN1 -> HIGH
 493               		.loc 1 112 0
 494 0176 409A      		sbi 0x8,0
 113:main.c        ****     PORTC &= ~(1 << PC1); // IN2 -> LOW
 495               		.loc 1 113 0
 496 0178 4198      		cbi 0x8,1
 114:main.c        ****     PORTC |= (1 << PC2);  // IN3 -> HIGH
 497               		.loc 1 114 0
 498 017a 429A      		sbi 0x8,2
 115:main.c        ****     PORTC &= ~(1 << PC3); // IN4 -> LOW
 499               		.loc 1 115 0
 500 017c 4398      		cbi 0x8,3
 501               	/* epilogue start */
 116:main.c        **** }
 502               		.loc 1 116 0
 503 017e 0895      		ret
 504               		.cfi_endproc
 505               	.LFE19:
 507               	.global	stop_motors
 509               	stop_motors:
 510               	.LFB20:
 117:main.c        **** 
 118:main.c        **** void stop_motors() {
 511               		.loc 1 118 0
 512               		.cfi_startproc
 513               	/* prologue: function */
 514               	/* frame size = 0 */
 515               	/* stack size = 0 */
 516               	.L__stack_usage = 0
 119:main.c        ****     // Turn off the Enable Pins to stop motors
 120:main.c        ****     PORTB &= ~((1 << PB0) | (1 << PB1));
 517               		.loc 1 120 0
 518 0180 85B1      		in r24,0x5
 519 0182 8C7F      		andi r24,lo8(-4)
 520 0184 85B9      		out 0x5,r24
 521               	/* epilogue start */
 121:main.c        **** }
 522               		.loc 1 121 0
 523 0186 0895      		ret
 524               		.cfi_endproc
 525               	.LFE20:
 527               		.section	.rodata.str1.1,"aMS",@progbits,1
 528               	.LC0:
 529 0000 5374 6570 		.string	"Step: %d, X: %d, Y: %d, Z: %d\r\n"
 529      3A20 2564 
 529      2C20 583A 
 529      2025 642C 
 529      2059 3A20 
 530               		.section	.text.startup,"ax",@progbits
 531               	.global	main
 533               	main:
 534               	.LFB21:
 122:main.c        **** 
 123:main.c        **** int motors_running = 0;  // Flag to indicate if motors are running
 124:main.c        **** int step_count = 0;      // Number of steps taken
 125:main.c        **** 
 126:main.c        **** int main(void) {
 535               		.loc 1 126 0
 536               		.cfi_startproc
 537 0000 CF93      		push r28
 538               	.LCFI13:
 539               		.cfi_def_cfa_offset 3
 540               		.cfi_offset 28, -2
 541 0002 DF93      		push r29
 542               	.LCFI14:
 543               		.cfi_def_cfa_offset 4
 544               		.cfi_offset 29, -3
 545 0004 CDB7      		in r28,__SP_L__
 546 0006 DEB7      		in r29,__SP_H__
 547               	.LCFI15:
 548               		.cfi_def_cfa_register 28
 549 0008 C658      		subi r28,-122
 550 000a D109      		sbc r29,__zero_reg__
 551               	.LCFI16:
 552               		.cfi_def_cfa_offset 138
 553 000c 0FB6      		in __tmp_reg__,__SREG__
 554 000e F894      		cli
 555 0010 DEBF      		out __SP_H__,r29
 556 0012 0FBE      		out __SREG__,__tmp_reg__
 557 0014 CDBF      		out __SP_L__,r28
 558               	/* prologue: function */
 559               	/* frame size = 134 */
 560               	/* stack size = 136 */
 561               	.L__stack_usage = 136
 127:main.c        ****     int x, y, z;
 128:main.c        ****     char buffer[128];
 129:main.c        **** 
 130:main.c        ****     i2c_init();         // Initialize I2C
 562               		.loc 1 130 0
 563 0016 0E94 0000 		call i2c_init
 564               	.LVL44:
 131:main.c        ****     qmc5883l_init();    // Initialize QMC5883L
 565               		.loc 1 131 0
 566 001a 0E94 0000 		call qmc5883l_init
 567               	.LVL45:
 132:main.c        ****     UART_init(9600);    // Initialize UART for Bluetooth
 568               		.loc 1 132 0
 569 001e 80E8      		ldi r24,lo8(-128)
 570 0020 95E2      		ldi r25,lo8(37)
 571 0022 0E94 0000 		call UART_init
 572               	.LVL46:
 133:main.c        ****     motor_init();       // Initialize motor control pins
 573               		.loc 1 133 0
 574 0026 0E94 0000 		call motor_init
 575               	.LVL47:
 134:main.c        **** 
 135:main.c        ****     while (1) {
 136:main.c        ****         // Move car forward
 137:main.c        ****         move_forward();
 138:main.c        ****         motors_running = 1;  // Motors are now running
 576               		.loc 1 138 0
 577 002a CC24      		clr r12
 578 002c C394      		inc r12
 579 002e D12C      		mov r13,__zero_reg__
 139:main.c        ****         _delay_ms(300);      // Move for 300 milliseconds
 140:main.c        ****         step_count++;        // Increment step count with each movement
 141:main.c        **** 
 142:main.c        ****         // Stop car and allow magnetometer reading
 143:main.c        ****         stop_motors();
 144:main.c        ****         motors_running = 0;  // Motors are stopped
 145:main.c        ****         _delay_ms(1000);     // Wait for motors to stop completely
 146:main.c        **** 
 147:main.c        ****         // Only read magnetometer if motors are stopped
 148:main.c        ****         if (!motors_running) {
 149:main.c        ****             qmc5883l_read(&x, &y, &z);
 150:main.c        ****             // Send magnetometer data and step count
 151:main.c        ****             sprintf(buffer, "Step: %d, X: %d, Y: %d, Z: %d\r\n", step_count, x, y, z);
 580               		.loc 1 151 0
 581 0030 90E0      		ldi r25,lo8(.LC0)
 582 0032 E92E      		mov r14,r25
 583 0034 90E0      		ldi r25,hi8(.LC0)
 584 0036 F92E      		mov r15,r25
 585 0038 8E01      		movw r16,r28
 586 003a 0F5F      		subi r16,-1
 587 003c 1F4F      		sbci r17,-1
 588               	.L29:
 137:main.c        ****         motors_running = 1;  // Motors are now running
 589               		.loc 1 137 0
 590 003e 0E94 0000 		call move_forward
 591               	.LVL48:
 138:main.c        ****         _delay_ms(300);      // Move for 300 milliseconds
 592               		.loc 1 138 0
 593 0042 D092 0000 		sts motors_running+1,r13
 594 0046 C092 0000 		sts motors_running,r12
 595               	.LVL49:
 596               	.LBB14:
 597               	.LBB15:
 598               		.file 2 "/usr/lib/avr/include/util/delay.h"
   1:/usr/lib/avr/include/util/delay.h **** /* Copyright (c) 2002, Marek Michalkiewicz
   2:/usr/lib/avr/include/util/delay.h ****    Copyright (c) 2004,2005,2007 Joerg Wunsch
   3:/usr/lib/avr/include/util/delay.h ****    Copyright (c) 2007  Florin-Viorel Petrov
   4:/usr/lib/avr/include/util/delay.h ****    All rights reserved.
   5:/usr/lib/avr/include/util/delay.h **** 
   6:/usr/lib/avr/include/util/delay.h ****    Redistribution and use in source and binary forms, with or without
   7:/usr/lib/avr/include/util/delay.h ****    modification, are permitted provided that the following conditions are met:
   8:/usr/lib/avr/include/util/delay.h **** 
   9:/usr/lib/avr/include/util/delay.h ****    * Redistributions of source code must retain the above copyright
  10:/usr/lib/avr/include/util/delay.h ****      notice, this list of conditions and the following disclaimer.
  11:/usr/lib/avr/include/util/delay.h **** 
  12:/usr/lib/avr/include/util/delay.h ****    * Redistributions in binary form must reproduce the above copyright
  13:/usr/lib/avr/include/util/delay.h ****      notice, this list of conditions and the following disclaimer in
  14:/usr/lib/avr/include/util/delay.h ****      the documentation and/or other materials provided with the
  15:/usr/lib/avr/include/util/delay.h ****      distribution.
  16:/usr/lib/avr/include/util/delay.h **** 
  17:/usr/lib/avr/include/util/delay.h ****    * Neither the name of the copyright holders nor the names of
  18:/usr/lib/avr/include/util/delay.h ****      contributors may be used to endorse or promote products derived
  19:/usr/lib/avr/include/util/delay.h ****      from this software without specific prior written permission.
  20:/usr/lib/avr/include/util/delay.h **** 
  21:/usr/lib/avr/include/util/delay.h ****   THIS SOFTWARE IS PROVIDED BY THE COPYRIGHT HOLDERS AND CONTRIBUTORS "AS IS"
  22:/usr/lib/avr/include/util/delay.h ****   AND ANY EXPRESS OR IMPLIED WARRANTIES, INCLUDING, BUT NOT LIMITED TO, THE
  23:/usr/lib/avr/include/util/delay.h ****   IMPLIED WARRANTIES OF MERCHANTABILITY AND FITNESS FOR A PARTICULAR PURPOSE
  24:/usr/lib/avr/include/util/delay.h ****   ARE DISCLAIMED. IN NO EVENT SHALL THE COPYRIGHT OWNER OR CONTRIBUTORS BE
  25:/usr/lib/avr/include/util/delay.h ****   LIABLE FOR ANY DIRECT, INDIRECT, INCIDENTAL, SPECIAL, EXEMPLARY, OR
  26:/usr/lib/avr/include/util/delay.h ****   CONSEQUENTIAL DAMAGES (INCLUDING, BUT NOT LIMITED TO, PROCUREMENT OF
  27:/usr/lib/avr/include/util/delay.h ****   SUBSTITUTE GOODS OR SERVICES; LOSS OF USE, DATA, OR PROFITS; OR BUSINESS
  28:/usr/lib/avr/include/util/delay.h ****   INTERRUPTION) HOWEVER CAUSED AND ON ANY THEORY OF LIABILITY, WHETHER IN
  29:/usr/lib/avr/include/util/delay.h ****   CONTRACT, STRICT LIABILITY, OR TORT (INCLUDING NEGLIGENCE OR OTHERWISE)
  30:/usr/lib/avr/include/util/delay.h ****   ARISING IN ANY WAY OUT OF THE USE OF THIS SOFTWARE, EVEN IF ADVISED OF THE
  31:/usr/lib/avr/include/util/delay.h ****   POSSIBILITY OF SUCH DAMAGE. */
  32:/usr/lib/avr/include/util/delay.h **** 
  33:/usr/lib/avr/include/util/delay.h **** /* $Id$ */
  34:/usr/lib/avr/include/util/delay.h **** 
  35:/usr/lib/avr/include/util/delay.h **** #ifndef _UTIL_DELAY_H_
  36:/usr/lib/avr/include/util/delay.h **** #define _UTIL_DELAY_H_ 1
  37:/usr/lib/avr/include/util/delay.h **** 
  38:/usr/lib/avr/include/util/delay.h **** #ifndef __DOXYGEN__
  39:/usr/lib/avr/include/util/delay.h **** #  ifndef __HAS_DELAY_CYCLES
  40:/usr/lib/avr/include/util/delay.h **** #    define __HAS_DELAY_CYCLES 1
  41:/usr/lib/avr/include/util/delay.h **** #  endif
  42:/usr/lib/avr/include/util/delay.h **** #endif  /* __DOXYGEN__ */
  43:/usr/lib/avr/include/util/delay.h **** 
  44:/usr/lib/avr/include/util/delay.h **** #include <inttypes.h>
  45:/usr/lib/avr/include/util/delay.h **** #include <util/delay_basic.h>
  46:/usr/lib/avr/include/util/delay.h **** #include <math.h>
  47:/usr/lib/avr/include/util/delay.h **** 
  48:/usr/lib/avr/include/util/delay.h **** /** \file */
  49:/usr/lib/avr/include/util/delay.h **** /** \defgroup util_delay <util/delay.h>: Convenience functions for busy-wait delay loops
  50:/usr/lib/avr/include/util/delay.h ****     \code
  51:/usr/lib/avr/include/util/delay.h ****     #define F_CPU 1000000UL  // 1 MHz
  52:/usr/lib/avr/include/util/delay.h ****     //#define F_CPU 14.7456E6
  53:/usr/lib/avr/include/util/delay.h ****     #include <util/delay.h>
  54:/usr/lib/avr/include/util/delay.h ****     \endcode
  55:/usr/lib/avr/include/util/delay.h **** 
  56:/usr/lib/avr/include/util/delay.h ****     \note As an alternative method, it is possible to pass the
  57:/usr/lib/avr/include/util/delay.h ****     F_CPU macro down to the compiler from the Makefile.
  58:/usr/lib/avr/include/util/delay.h ****     Obviously, in that case, no \c \#define statement should be
  59:/usr/lib/avr/include/util/delay.h ****     used.
  60:/usr/lib/avr/include/util/delay.h **** 
  61:/usr/lib/avr/include/util/delay.h ****     The functions in this header file are wrappers around the basic
  62:/usr/lib/avr/include/util/delay.h ****     busy-wait functions from <util/delay_basic.h>.  They are meant as
  63:/usr/lib/avr/include/util/delay.h ****     convenience functions where actual time values can be specified
  64:/usr/lib/avr/include/util/delay.h ****     rather than a number of cycles to wait for.  The idea behind is
  65:/usr/lib/avr/include/util/delay.h ****     that compile-time constant expressions will be eliminated by
  66:/usr/lib/avr/include/util/delay.h ****     compiler optimization so floating-point expressions can be used
  67:/usr/lib/avr/include/util/delay.h ****     to calculate the number of delay cycles needed based on the CPU
  68:/usr/lib/avr/include/util/delay.h ****     frequency passed by the macro F_CPU.
  69:/usr/lib/avr/include/util/delay.h **** 
  70:/usr/lib/avr/include/util/delay.h ****     \note In order for these functions to work as intended, compiler
  71:/usr/lib/avr/include/util/delay.h ****     optimizations <em>must</em> be enabled, and the delay time
  72:/usr/lib/avr/include/util/delay.h ****     <em>must</em> be an expression that is a known constant at
  73:/usr/lib/avr/include/util/delay.h ****     compile-time.  If these requirements are not met, the resulting
  74:/usr/lib/avr/include/util/delay.h ****     delay will be much longer (and basically unpredictable), and
  75:/usr/lib/avr/include/util/delay.h ****     applications that otherwise do not use floating-point calculations
  76:/usr/lib/avr/include/util/delay.h ****     will experience severe code bloat by the floating-point library
  77:/usr/lib/avr/include/util/delay.h ****     routines linked into the application.
  78:/usr/lib/avr/include/util/delay.h **** 
  79:/usr/lib/avr/include/util/delay.h ****     The functions available allow the specification of microsecond, and
  80:/usr/lib/avr/include/util/delay.h ****     millisecond delays directly, using the application-supplied macro
  81:/usr/lib/avr/include/util/delay.h ****     F_CPU as the CPU clock frequency (in Hertz).
  82:/usr/lib/avr/include/util/delay.h **** 
  83:/usr/lib/avr/include/util/delay.h **** */
  84:/usr/lib/avr/include/util/delay.h **** 
  85:/usr/lib/avr/include/util/delay.h **** #if !defined(__DOXYGEN__)
  86:/usr/lib/avr/include/util/delay.h **** static __inline__ void _delay_us(double __us) __attribute__((__always_inline__));
  87:/usr/lib/avr/include/util/delay.h **** static __inline__ void _delay_ms(double __ms) __attribute__((__always_inline__));
  88:/usr/lib/avr/include/util/delay.h **** #endif
  89:/usr/lib/avr/include/util/delay.h **** 
  90:/usr/lib/avr/include/util/delay.h **** #ifndef F_CPU
  91:/usr/lib/avr/include/util/delay.h **** /* prevent compiler error by supplying a default */
  92:/usr/lib/avr/include/util/delay.h **** # warning "F_CPU not defined for <util/delay.h>"
  93:/usr/lib/avr/include/util/delay.h **** /** \ingroup util_delay
  94:/usr/lib/avr/include/util/delay.h ****     \def F_CPU
  95:/usr/lib/avr/include/util/delay.h ****     \brief CPU frequency in Hz
  96:/usr/lib/avr/include/util/delay.h **** 
  97:/usr/lib/avr/include/util/delay.h ****     The macro F_CPU specifies the CPU frequency to be considered by
  98:/usr/lib/avr/include/util/delay.h ****     the delay macros.  This macro is normally supplied by the
  99:/usr/lib/avr/include/util/delay.h ****     environment (e.g. from within a project header, or the project's
 100:/usr/lib/avr/include/util/delay.h ****     Makefile).  The value 1 MHz here is only provided as a "vanilla"
 101:/usr/lib/avr/include/util/delay.h ****     fallback if no such user-provided definition could be found.
 102:/usr/lib/avr/include/util/delay.h **** 
 103:/usr/lib/avr/include/util/delay.h ****     In terms of the delay functions, the CPU frequency can be given as
 104:/usr/lib/avr/include/util/delay.h ****     a floating-point constant (e.g. 3.6864E6 for 3.6864 MHz).
 105:/usr/lib/avr/include/util/delay.h ****     However, the macros in <util/setbaud.h> require it to be an
 106:/usr/lib/avr/include/util/delay.h ****     integer value.
 107:/usr/lib/avr/include/util/delay.h ****  */
 108:/usr/lib/avr/include/util/delay.h **** # define F_CPU 1000000UL
 109:/usr/lib/avr/include/util/delay.h **** #endif
 110:/usr/lib/avr/include/util/delay.h **** 
 111:/usr/lib/avr/include/util/delay.h **** #ifndef __OPTIMIZE__
 112:/usr/lib/avr/include/util/delay.h **** # warning "Compiler optimizations disabled; functions from <util/delay.h> won't work as designed"
 113:/usr/lib/avr/include/util/delay.h **** #endif
 114:/usr/lib/avr/include/util/delay.h **** 
 115:/usr/lib/avr/include/util/delay.h **** #if __HAS_DELAY_CYCLES && defined(__OPTIMIZE__) && \
 116:/usr/lib/avr/include/util/delay.h ****   !defined(__DELAY_BACKWARD_COMPATIBLE__) &&	   \
 117:/usr/lib/avr/include/util/delay.h ****   __STDC_HOSTED__
 118:/usr/lib/avr/include/util/delay.h **** #  include <math.h>
 119:/usr/lib/avr/include/util/delay.h **** #endif
 120:/usr/lib/avr/include/util/delay.h **** 
 121:/usr/lib/avr/include/util/delay.h **** /**
 122:/usr/lib/avr/include/util/delay.h ****    \ingroup util_delay
 123:/usr/lib/avr/include/util/delay.h **** 
 124:/usr/lib/avr/include/util/delay.h ****    Perform a delay of \c __ms milliseconds, using _delay_loop_2().
 125:/usr/lib/avr/include/util/delay.h **** 
 126:/usr/lib/avr/include/util/delay.h ****    The macro F_CPU is supposed to be defined to a
 127:/usr/lib/avr/include/util/delay.h ****    constant defining the CPU clock frequency (in Hertz).
 128:/usr/lib/avr/include/util/delay.h **** 
 129:/usr/lib/avr/include/util/delay.h ****    The maximal possible delay is 262.14 ms / F_CPU in MHz.
 130:/usr/lib/avr/include/util/delay.h **** 
 131:/usr/lib/avr/include/util/delay.h ****    When the user request delay which exceed the maximum possible one,
 132:/usr/lib/avr/include/util/delay.h ****    _delay_ms() provides a decreased resolution functionality. In this
 133:/usr/lib/avr/include/util/delay.h ****    mode _delay_ms() will work with a resolution of 1/10 ms, providing
 134:/usr/lib/avr/include/util/delay.h ****    delays up to 6.5535 seconds (independent from CPU frequency).  The
 135:/usr/lib/avr/include/util/delay.h ****    user will not be informed about decreased resolution.
 136:/usr/lib/avr/include/util/delay.h **** 
 137:/usr/lib/avr/include/util/delay.h ****    If the avr-gcc toolchain has __builtin_avr_delay_cycles()
 138:/usr/lib/avr/include/util/delay.h ****    support, maximal possible delay is 4294967.295 ms/ F_CPU in MHz. For
 139:/usr/lib/avr/include/util/delay.h ****    values greater than the maximal possible delay, overflows results in
 140:/usr/lib/avr/include/util/delay.h ****    no delay i.e., 0ms.
 141:/usr/lib/avr/include/util/delay.h **** 
 142:/usr/lib/avr/include/util/delay.h ****    Conversion of \c __ms into clock cycles may not always result in
 143:/usr/lib/avr/include/util/delay.h ****    integer.  By default, the clock cycles rounded up to next
 144:/usr/lib/avr/include/util/delay.h ****    integer. This ensures that the user gets at least \c __ms
 145:/usr/lib/avr/include/util/delay.h ****    microseconds of delay.
 146:/usr/lib/avr/include/util/delay.h **** 
 147:/usr/lib/avr/include/util/delay.h ****    Alternatively, by defining the macro \c __DELAY_ROUND_DOWN__, or
 148:/usr/lib/avr/include/util/delay.h ****    \c __DELAY_ROUND_CLOSEST__, before including this header file, the
 149:/usr/lib/avr/include/util/delay.h ****    algorithm can be made to round down, or round to closest integer,
 150:/usr/lib/avr/include/util/delay.h ****    respectively.
 151:/usr/lib/avr/include/util/delay.h **** 
 152:/usr/lib/avr/include/util/delay.h ****    \note
 153:/usr/lib/avr/include/util/delay.h **** 
 154:/usr/lib/avr/include/util/delay.h ****    The implementation of _delay_ms() based on
 155:/usr/lib/avr/include/util/delay.h ****    __builtin_avr_delay_cycles() is not backward compatible with older
 156:/usr/lib/avr/include/util/delay.h ****    implementations.  In order to get functionality backward compatible
 157:/usr/lib/avr/include/util/delay.h ****    with previous versions, the macro \c "__DELAY_BACKWARD_COMPATIBLE__"
 158:/usr/lib/avr/include/util/delay.h ****    must be defined before including this header file. Also, the
 159:/usr/lib/avr/include/util/delay.h ****    backward compatible algorithm will be chosen if the code is
 160:/usr/lib/avr/include/util/delay.h ****    compiled in a <em>freestanding environment</em> (GCC option
 161:/usr/lib/avr/include/util/delay.h ****    \c -ffreestanding), as the math functions required for rounding are
 162:/usr/lib/avr/include/util/delay.h ****    not available to the compiler then.
 163:/usr/lib/avr/include/util/delay.h **** 
 164:/usr/lib/avr/include/util/delay.h ****  */
 165:/usr/lib/avr/include/util/delay.h **** void
 166:/usr/lib/avr/include/util/delay.h **** _delay_ms(double __ms)
 167:/usr/lib/avr/include/util/delay.h **** {
 168:/usr/lib/avr/include/util/delay.h **** 	double __tmp ;
 169:/usr/lib/avr/include/util/delay.h **** #if __HAS_DELAY_CYCLES && defined(__OPTIMIZE__) && \
 170:/usr/lib/avr/include/util/delay.h ****   !defined(__DELAY_BACKWARD_COMPATIBLE__) &&	   \
 171:/usr/lib/avr/include/util/delay.h ****   __STDC_HOSTED__
 172:/usr/lib/avr/include/util/delay.h **** 	uint32_t __ticks_dc;
 173:/usr/lib/avr/include/util/delay.h **** 	extern void __builtin_avr_delay_cycles(unsigned long);
 174:/usr/lib/avr/include/util/delay.h **** 	__tmp = ((F_CPU) / 1e3) * __ms;
 175:/usr/lib/avr/include/util/delay.h **** 
 176:/usr/lib/avr/include/util/delay.h **** 	#if defined(__DELAY_ROUND_DOWN__)
 177:/usr/lib/avr/include/util/delay.h **** 		__ticks_dc = (uint32_t)fabs(__tmp);
 178:/usr/lib/avr/include/util/delay.h **** 
 179:/usr/lib/avr/include/util/delay.h **** 	#elif defined(__DELAY_ROUND_CLOSEST__)
 180:/usr/lib/avr/include/util/delay.h **** 		__ticks_dc = (uint32_t)(fabs(__tmp)+0.5);
 181:/usr/lib/avr/include/util/delay.h **** 
 182:/usr/lib/avr/include/util/delay.h **** 	#else
 183:/usr/lib/avr/include/util/delay.h **** 		//round up by default
 184:/usr/lib/avr/include/util/delay.h **** 		__ticks_dc = (uint32_t)(ceil(fabs(__tmp)));
 185:/usr/lib/avr/include/util/delay.h **** 	#endif
 186:/usr/lib/avr/include/util/delay.h **** 
 187:/usr/lib/avr/include/util/delay.h **** 	__builtin_avr_delay_cycles(__ticks_dc);
 599               		.loc 2 187 0
 600 004a 2FEF      		ldi r18,lo8(959999)
 601 004c 85EA      		ldi r24,hi8(959999)
 602 004e 9EE0      		ldi r25,hlo8(959999)
 603 0050 2150      	1:	subi r18,1
 604 0052 8040      		sbci r24,0
 605 0054 9040      		sbci r25,0
 606 0056 01F4      		brne 1b
 607 0058 00C0      		rjmp .
 608 005a 0000      		nop
 609               	.LVL50:
 610               	.LBE15:
 611               	.LBE14:
 140:main.c        **** 
 612               		.loc 1 140 0
 613 005c 8091 0000 		lds r24,step_count
 614 0060 9091 0000 		lds r25,step_count+1
 615 0064 0196      		adiw r24,1
 616 0066 9093 0000 		sts step_count+1,r25
 617 006a 8093 0000 		sts step_count,r24
 143:main.c        ****         motors_running = 0;  // Motors are stopped
 618               		.loc 1 143 0
 619 006e 0E94 0000 		call stop_motors
 620               	.LVL51:
 144:main.c        ****         _delay_ms(1000);     // Wait for motors to stop completely
 621               		.loc 1 144 0
 622 0072 1092 0000 		sts motors_running+1,__zero_reg__
 623 0076 1092 0000 		sts motors_running,__zero_reg__
 624               	.LVL52:
 625               	.LBB16:
 626               	.LBB17:
 627               		.loc 2 187 0
 628 007a 2FEF      		ldi r18,lo8(3199999)
 629 007c 83ED      		ldi r24,hi8(3199999)
 630 007e 90E3      		ldi r25,hlo8(3199999)
 631 0080 2150      	1:	subi r18,1
 632 0082 8040      		sbci r24,0
 633 0084 9040      		sbci r25,0
 634 0086 01F4      		brne 1b
 635 0088 00C0      		rjmp .
 636 008a 0000      		nop
 637               	.LVL53:
 638               	.LBE17:
 639               	.LBE16:
 148:main.c        ****             qmc5883l_read(&x, &y, &z);
 640               		.loc 1 148 0
 641 008c 8091 0000 		lds r24,motors_running
 642 0090 9091 0000 		lds r25,motors_running+1
 643 0094 892B      		or r24,r25
 644 0096 01F4      		brne .L29
 149:main.c        ****             // Send magnetometer data and step count
 645               		.loc 1 149 0
 646 0098 AE01      		movw r20,r28
 647 009a 4F57      		subi r20,127
 648 009c 5F4F      		sbci r21,-1
 649 009e BE01      		movw r22,r28
 650 00a0 6D57      		subi r22,125
 651 00a2 7F4F      		sbci r23,-1
 652 00a4 CE01      		movw r24,r28
 653 00a6 8B57      		subi r24,123
 654 00a8 9F4F      		sbci r25,-1
 655 00aa 0E94 0000 		call qmc5883l_read
 656               	.LVL54:
 657               		.loc 1 151 0
 658 00ae CE57      		subi r28,lo8(-130)
 659 00b0 DF4F      		sbci r29,hi8(-130)
 660 00b2 8881      		ld r24,Y
 661 00b4 C258      		subi r28,lo8(130)
 662 00b6 D040      		sbci r29,hi8(130)
 663 00b8 8F93      		push r24
 664 00ba CF57      		subi r28,lo8(-129)
 665 00bc DF4F      		sbci r29,hi8(-129)
 666 00be 8881      		ld r24,Y
 667 00c0 C158      		subi r28,lo8(129)
 668 00c2 D040      		sbci r29,hi8(129)
 669 00c4 8F93      		push r24
 670 00c6 CC57      		subi r28,lo8(-132)
 671 00c8 DF4F      		sbci r29,hi8(-132)
 672 00ca 8881      		ld r24,Y
 673 00cc C458      		subi r28,lo8(132)
 674 00ce D040      		sbci r29,hi8(132)
 675 00d0 8F93      		push r24
 676 00d2 CD57      		subi r28,lo8(-131)
 677 00d4 DF4F      		sbci r29,hi8(-131)
 678 00d6 8881      		ld r24,Y
 679 00d8 C358      		subi r28,lo8(131)
 680 00da D040      		sbci r29,hi8(131)
 681 00dc 8F93      		push r24
 682 00de CA57      		subi r28,lo8(-134)
 683 00e0 DF4F      		sbci r29,hi8(-134)
 684 00e2 8881      		ld r24,Y
 685 00e4 C658      		subi r28,lo8(134)
 686 00e6 D040      		sbci r29,hi8(134)
 687 00e8 8F93      		push r24
 688 00ea CB57      		subi r28,lo8(-133)
 689 00ec DF4F      		sbci r29,hi8(-133)
 690 00ee 8881      		ld r24,Y
 691 00f0 C558      		subi r28,lo8(133)
 692 00f2 D040      		sbci r29,hi8(133)
 693 00f4 8F93      		push r24
 694 00f6 8091 0000 		lds r24,step_count+1
 695 00fa 8F93      		push r24
 696 00fc 8091 0000 		lds r24,step_count
 697 0100 8F93      		push r24
 698 0102 FF92      		push r15
 699 0104 EF92      		push r14
 700 0106 1F93      		push r17
 701 0108 0F93      		push r16
 702 010a 0E94 0000 		call sprintf
 703               	.LVL55:
 152:main.c        ****             UART_transmit_string(buffer);  // Send data via Bluetooth
 704               		.loc 1 152 0
 705 010e C801      		movw r24,r16
 706 0110 0E94 0000 		call UART_transmit_string
 707               	.LVL56:
 708 0114 0FB6      		in __tmp_reg__,__SREG__
 709 0116 F894      		cli
 710 0118 DEBF      		out __SP_H__,r29
 711 011a 0FBE      		out __SREG__,__tmp_reg__
 712 011c CDBF      		out __SP_L__,r28
 713 011e 00C0      		rjmp .L29
 714               		.cfi_endproc
 715               	.LFE21:
 717               	.global	step_count
 718               		.section .bss
 721               	step_count:
 722 0000 0000      		.zero	2
 723               	.global	motors_running
 726               	motors_running:
 727 0002 0000      		.zero	2
 728               		.text
 729               	.Letext0:
 730               		.file 3 "/usr/lib/avr/include/stdint.h"
 731               		.file 4 "/usr/lib/avr/include/stdio.h"
DEFINED SYMBOLS
                            *ABS*:0000000000000000 main.c
     /tmp/cc8RrO2s.s:2      *ABS*:000000000000003e __SP_H__
     /tmp/cc8RrO2s.s:3      *ABS*:000000000000003d __SP_L__
     /tmp/cc8RrO2s.s:4      *ABS*:000000000000003f __SREG__
     /tmp/cc8RrO2s.s:5      *ABS*:0000000000000000 __tmp_reg__
     /tmp/cc8RrO2s.s:6      *ABS*:0000000000000001 __zero_reg__
     /tmp/cc8RrO2s.s:12     .text:0000000000000000 i2c_init
     /tmp/cc8RrO2s.s:34     .text:000000000000000c i2c_start
     /tmp/cc8RrO2s.s:58     .text:000000000000001c i2c_stop
     /tmp/cc8RrO2s.s:77     .text:0000000000000024 i2c_write
     /tmp/cc8RrO2s.s:106    .text:0000000000000038 i2c_read_ack
     /tmp/cc8RrO2s.s:132    .text:000000000000004c i2c_read_nack
     /tmp/cc8RrO2s.s:158    .text:0000000000000060 qmc5883l_init
     /tmp/cc8RrO2s.s:196    .text:000000000000007e qmc5883l_read
     /tmp/cc8RrO2s.s:351    .text:0000000000000110 UART_init
     /tmp/cc8RrO2s.s:391    .text:000000000000013c UART_transmit
     /tmp/cc8RrO2s.s:415    .text:000000000000014a UART_transmit_string
     /tmp/cc8RrO2s.s:457    .text:0000000000000162 motor_init
     /tmp/cc8RrO2s.s:481    .text:0000000000000170 move_forward
     /tmp/cc8RrO2s.s:509    .text:0000000000000180 stop_motors
     /tmp/cc8RrO2s.s:533    .text.startup:0000000000000000 main
     /tmp/cc8RrO2s.s:726    .bss:0000000000000002 motors_running
     /tmp/cc8RrO2s.s:721    .bss:0000000000000000 step_count

UNDEFINED SYMBOLS
__udivmodsi4
sprintf
__do_copy_data
__do_clear_bss
